<?xml version="1.0" encoding="UTF-8"?>
<!-- Generated by org.testng.reporters.JUnitXMLReporter -->
<testsuite hostname="jayesh-PC" ignored="0" name="Default test" tests="8" failures="0" timestamp="20 Jan 2018 15:03:37 GMT" time="48.586" errors="0">
  <testcase name="sho_filament" time="0.019" classname="project_filament.filament_main"/>
  <testcase name="sho_filament" time="29.148" classname="project_filament.filament_main"/>
  <testcase name="sho_filament" time="13.677" classname="project_filament.filament_main"/>
  <testcase name="sho_filament" time="0.961" classname="project_filament.filament_main"/>
  <testcase name="sho_filament" time="0.693" classname="project_filament.filament_main"/>
  <testcase name="sho_filament" time="0.149" classname="project_filament.filament_main"/>
  <testcase name="sho_filament" time="0.119" classname="project_filament.filament_main"/>
  <testcase name="sho_filament" time="0.362" classname="project_filament.filament_main"/>
</testsuite> <!-- Default test -->
